<?xml version="1.0" encoding="UTF-8"?>
<testsuite name="SampleTest$PostalCodeValidatorTest" tests="1" skipped="0" failures="0" errors="0" timestamp="2024-09-07T15:39:56" hostname="AZIMI-LAP" time="0.014">
  <properties/>
  <testcase name="valid postal code returns true()" classname="SampleTest$PostalCodeValidatorTest" time="0.014"/>
  <system-out><![CDATA[]]></system-out>
  <system-err><![CDATA[]]></system-err>
</testsuite>
