<?xml version="1.0" encoding="UTF-8"?>
<testsuite name="SampleTest" tests="1" skipped="0" failures="0" errors="0" timestamp="2024-09-07T13:13:33" hostname="AZIMI-LAP" time="0.018">
  <properties/>
  <testcase name="testSum()" classname="SampleTest" time="0.018"/>
  <system-out><![CDATA[]]></system-out>
  <system-err><![CDATA[]]></system-err>
</testsuite>
